0 info it worked if it ends with ok
1 verbose cli [ 'node', '/usr/local/bin/npm', 'run', 'build' ]
2 info using npm@1.3.14
3 info using node@v0.10.28
4 verbose node symlink /usr/local/bin/node
5 verbose run-script [ 'prebuild', 'build', 'postbuild' ]
6 info prebuild sigma@1.0.9
7 info build sigma@1.0.9
8 verbose unsafe-perm in lifecycle true
9 info sigma@1.0.9 Failed to exec build script
10 error sigma@1.0.9 build: `grunt uglify`
10 error Exit status 6
11 error Failed at the sigma@1.0.9 build script.
11 error This is most likely a problem with the sigma package,
11 error not with npm itself.
11 error Tell the author that this fails on your system:
11 error     grunt uglify
11 error You can get their info via:
11 error     npm owner ls sigma
11 error There is likely additional logging output above.
12 error System Darwin 13.2.0
13 error command "node" "/usr/local/bin/npm" "run" "build"
14 error cwd /Users/james/sigma.js
15 error node -v v0.10.28
16 error npm -v 1.3.14
17 error code ELIFECYCLE
18 verbose exit [ 1, true ]
